************* Module Python-2x.tsWxGTUI_Py2x.tsLibGUI.tsWxPkg.src.tsWxEventLoop
C:103, 0: Trailing whitespace (trailing-whitespace)
C:119, 0: Trailing whitespace (trailing-whitespace)
C:347, 0: Exactly one space required before assignment
__title__     = 'tsWxEventLoop'
              ^ (bad-whitespace)
C:348, 0: Exactly one space required before assignment
__version__   = '1.12.0'
              ^ (bad-whitespace)
C:349, 0: Exactly one space required before assignment
__date__      = '06/23/2015'
              ^ (bad-whitespace)
C:350, 0: Exactly one space required before assignment
__authors__   = 'Richard S. Gordon'
              ^ (bad-whitespace)
C:353, 0: Exactly one space required before assignment
__license__   = 'GNU General Public License, ' + \
              ^ (bad-whitespace)
C:355, 0: Exactly one space required before assignment
__credits__   = '\n\n  Credits: ' + \
              ^ (bad-whitespace)
C:384, 0: No space allowed after bracket
if len( __credits__) == 0:
      ^ (bad-whitespace)
C:673, 0: Unnecessary parens after 'return' keyword (superfluous-parens)
C:710, 0: Unnecessary parens after 'return' keyword (superfluous-parens)
C:733, 0: Unnecessary parens after 'if' keyword (superfluous-parens)
C:733, 0: Unnecessary parens after 'not' keyword (superfluous-parens)
C:734, 0: Unnecessary parens after 'return' keyword (superfluous-parens)
C:735, 0: Unnecessary parens after 'return' keyword (superfluous-parens)
C:799, 0: Unnecessary parens after 'return' keyword (superfluous-parens)
C:801, 0: Unnecessary parens after 'return' keyword (superfluous-parens)
C:908, 0: Unnecessary parens after 'return' keyword (superfluous-parens)
C:1012, 0: Unnecessary parens after 'print' keyword (superfluous-parens)
C:1029, 0: Unnecessary parens after 'print' keyword (superfluous-parens)
C:1039, 0: Unnecessary parens after 'print' keyword (superfluous-parens)
C:1058, 0: Unnecessary parens after 'print' keyword (superfluous-parens)
C:1066, 0: Unnecessary parens after 'if' keyword (superfluous-parens)
C:1070, 0: Unnecessary parens after 'return' keyword (superfluous-parens)
C:1207, 0: Unnecessary parens after 'print' keyword (superfluous-parens)
C:1225, 0: Unnecessary parens after 'print' keyword (superfluous-parens)
C:1241, 0: Unnecessary parens after 'print' keyword (superfluous-parens)
C:1254, 0: Unnecessary parens after 'print' keyword (superfluous-parens)
C:1288, 0: Unnecessary parens after 'print' keyword (superfluous-parens)
C:1295, 0: Unnecessary parens after 'print' keyword (superfluous-parens)
C:1322, 0: Unnecessary parens after 'print' keyword (superfluous-parens)
C:1335, 0: Unnecessary parens after 'print' keyword (superfluous-parens)
C:1364, 0: Unnecessary parens after 'return' keyword (superfluous-parens)
C:1423, 0: Unnecessary parens after 'return' keyword (superfluous-parens)
C:1433, 0: Wrong hanging indentation before block.
            tsWxGTUI_DataBase.TheWindows['windowIndex']]):
            ^   | (bad-continuation)
C:1506, 0: Unnecessary parens after 'print' keyword (superfluous-parens)
C:1508, 0: Line too long (85/80) (line-too-long)
C:1560, 0: Unnecessary parens after 'not' keyword (superfluous-parens)
C:1565, 0: Unnecessary parens after 'not' keyword (superfluous-parens)
C:1570, 0: Unnecessary parens after 'not' keyword (superfluous-parens)
C:1588, 0: Unnecessary parens after 'while' keyword (superfluous-parens)
C:1588, 0: Unnecessary parens after 'not' keyword (superfluous-parens)
C:1599, 0: Wrong hanging indentation before block.
                    objectCriteria=objectCriteria,
                    ^   | (bad-continuation)
C:1600, 0: Wrong hanging indentation before block.
                    objectId=objectId,
                    ^   | (bad-continuation)
C:1601, 0: Wrong hanging indentation before block.
                    triggeringEvent=triggeringEvent,
                    ^   | (bad-continuation)
C:1602, 0: Wrong hanging indentation before block.
                    triggeringObject=targetObject,
                    ^   | (bad-continuation)
C:1603, 0: Wrong hanging indentation before block.
                    useSystemEventTable=precedence):
                    ^   | (bad-continuation)
C:1631, 0: Unnecessary parens after 'not' keyword (superfluous-parens)
C:1635, 0: Unnecessary parens after 'not' keyword (superfluous-parens)
C:1640, 0: Unnecessary parens after 'not' keyword (superfluous-parens)
C:1645, 0: Unnecessary parens after 'not' keyword (superfluous-parens)
C:1741, 0: Unnecessary parens after 'return' keyword (superfluous-parens)
C:1764, 0: Wrong hanging indentation before block.
        self, theWindows, caretPoint):
        ^   | (bad-continuation)
C:1807, 0: Wrong hanging indentation before block.
                    anAncestor.ts_DescendantOrderOfShow)):
                    ^   | (bad-continuation)
C:1842, 0: Unnecessary parens after 'not' keyword (superfluous-parens)
C:1857, 0: Unnecessary parens after 'if' keyword (superfluous-parens)
C:1925, 0: Wrong hanging indentation before block.
        self, theWindows, caretPoint):
        ^   | (bad-continuation)
C:1936, 0: Unnecessary parens after 'print' keyword (superfluous-parens)
C:1944, 0: Unnecessary parens after 'print' keyword (superfluous-parens)
C:1946, 0: Unnecessary parens after 'print' keyword (superfluous-parens)
C:1957, 0: Trailing whitespace (trailing-whitespace)
C:1958, 0: Unnecessary parens after 'print' keyword (superfluous-parens)
C:1979, 0: Unnecessary parens after 'print' keyword (superfluous-parens)
C:2007, 0: Wrong hanging indentation before block.
                    myPanelDescendantOrderOfShow)):
                    ^   | (bad-continuation)
C:2067, 0: Wrong hanging indentation before block.
                        myPanelDescendantOrderOfShow)):
                        ^   | (bad-continuation)
C:2103, 0: Unnecessary parens after 'not' keyword (superfluous-parens)
C:2132, 0: Wrong hanging indentation before block.
                        anAncestor.ts_DescendantOrderOfShow)):
                        ^   | (bad-continuation)
C:2168, 0: Unnecessary parens after 'not' keyword (superfluous-parens)
C:2183, 0: Unnecessary parens after 'if' keyword (superfluous-parens)
C:2251, 0: Wrong hanging indentation before block.
        self, theWindows, caretPoint):
        ^   | (bad-continuation)
C:2284, 0: Wrong hanging indentation before block.
                    'OrderOfShowPanelStack']:
                    ^   | (bad-continuation)
C:2357, 0: Unnecessary parens after 'return' keyword (superfluous-parens)
C:2401, 0: Unnecessary parens after 'not' keyword (superfluous-parens)
C:2545, 0: Unnecessary parens after 'return' keyword (superfluous-parens)
C:2630, 0: Unnecessary parens after 'return' keyword (superfluous-parens)
C:2706, 0: Unnecessary parens after 'while' keyword (superfluous-parens)
C:2744, 0: Unnecessary parens after 'print' keyword (superfluous-parens)
C:2756, 0: Unnecessary parens after 'print' keyword (superfluous-parens)
C:2768, 0: Unnecessary parens after 'print' keyword (superfluous-parens)
C:2790, 0: Unnecessary parens after 'print' keyword (superfluous-parens)
C:2799, 0: Unnecessary parens after 'print' keyword (superfluous-parens)
C:2807, 0: Unnecessary parens after 'not' keyword (superfluous-parens)
C:2817, 0: Unnecessary parens after 'print' keyword (superfluous-parens)
C:2821, 0: Unnecessary parens after 'print' keyword (superfluous-parens)
C:2825, 0: Unnecessary parens after 'not' keyword (superfluous-parens)
C:2833, 0: Unnecessary parens after 'print' keyword (superfluous-parens)
C:2838, 0: Unnecessary parens after 'print' keyword (superfluous-parens)
C:2849, 0: Trailing whitespace (trailing-whitespace)
C:2857, 0: Trailing whitespace (trailing-whitespace)
C:2875, 0: Unnecessary parens after 'if' keyword (superfluous-parens)
C:2877, 0: Unnecessary parens after 'elif' keyword (superfluous-parens)
C:2879, 0: Unnecessary parens after 'elif' keyword (superfluous-parens)
C:2900, 0: Unnecessary parens after 'if' keyword (superfluous-parens)
C:2905, 0: Unnecessary parens after 'if' keyword (superfluous-parens)
C:2907, 0: Unnecessary parens after 'elif' keyword (superfluous-parens)
C:2909, 0: Unnecessary parens after 'elif' keyword (superfluous-parens)
C:2920, 0: Unnecessary parens after 'print' keyword (superfluous-parens)
C:2928, 0: Unnecessary parens after 'if' keyword (superfluous-parens)
C:2930, 0: Unnecessary parens after 'elif' keyword (superfluous-parens)
C:2932, 0: Unnecessary parens after 'elif' keyword (superfluous-parens)
C:2954, 0: Unnecessary parens after 'print' keyword (superfluous-parens)
C:3000, 0: Unnecessary parens after 'print' keyword (superfluous-parens)
C:  1, 0: Too many lines in module (3000) (too-many-lines)
C:  1, 0: Invalid module name "tsWxEventLoop" (invalid-name)
C:394, 0: Invalid constant name "mainTitleVersionDate" (invalid-name)
F:415, 0: Unable to import 'tsExceptions' (import-error)
F:416, 0: Unable to import 'tsLogger' (import-error)
W:418, 0: Relative import 'tsWxGlobals', should be 'Python-2x.tsWxGTUI_Py2x.tsLibGUI.tsWxPkg.src.tsWxGlobals' (relative-import)
W:419, 0: Relative import 'tsWxGraphicalTextUserInterface', should be 'Python-2x.tsWxGTUI_Py2x.tsLibGUI.tsWxPkg.src.tsWxGraphicalTextUserInterface' (relative-import)
W:421, 0: Relative import 'tsWxDoubleLinkedList', should be 'Python-2x.tsWxGTUI_Py2x.tsLibGUI.tsWxPkg.src.tsWxDoubleLinkedList' (relative-import)
W:422, 0: Relative import 'tsWxEvent', should be 'Python-2x.tsWxGTUI_Py2x.tsLibGUI.tsWxPkg.src.tsWxEvent' (relative-import)
W:433, 0: Relative import 'tsWxEvent', should be 'Python-2x.tsWxGTUI_Py2x.tsLibGUI.tsWxPkg.src.tsWxEvent' (relative-import)
W:434, 0: Relative import 'tsWxEvent', should be 'Python-2x.tsWxGTUI_Py2x.tsLibGUI.tsWxPkg.src.tsWxEvent' (relative-import)
W:436, 0: Relative import 'tsWxEvent', should be 'Python-2x.tsWxGTUI_Py2x.tsLibGUI.tsWxPkg.src.tsWxEvent' (relative-import)
W:437, 0: Relative import 'tsWxEvent', should be 'Python-2x.tsWxGTUI_Py2x.tsLibGUI.tsWxPkg.src.tsWxEvent' (relative-import)
W:439, 0: Relative import 'tsWxEvent', should be 'Python-2x.tsWxGTUI_Py2x.tsLibGUI.tsWxPkg.src.tsWxEvent' (relative-import)
W:440, 0: Relative import 'tsWxEvent', should be 'Python-2x.tsWxGTUI_Py2x.tsLibGUI.tsWxPkg.src.tsWxEvent' (relative-import)
W:441, 0: Relative import 'tsWxEvent', should be 'Python-2x.tsWxGTUI_Py2x.tsLibGUI.tsWxPkg.src.tsWxEvent' (relative-import)
W:443, 0: Relative import 'tsWxEvent', should be 'Python-2x.tsWxGTUI_Py2x.tsLibGUI.tsWxPkg.src.tsWxEvent' (relative-import)
W:444, 0: Relative import 'tsWxEvent', should be 'Python-2x.tsWxGTUI_Py2x.tsLibGUI.tsWxPkg.src.tsWxEvent' (relative-import)
W:446, 0: Relative import 'tsWxEvent', should be 'Python-2x.tsWxGTUI_Py2x.tsLibGUI.tsWxPkg.src.tsWxEvent' (relative-import)
W:447, 0: Relative import 'tsWxEvent', should be 'Python-2x.tsWxGTUI_Py2x.tsLibGUI.tsWxPkg.src.tsWxEvent' (relative-import)
W:448, 0: Relative import 'tsWxEvent', should be 'Python-2x.tsWxGTUI_Py2x.tsLibGUI.tsWxPkg.src.tsWxEvent' (relative-import)
W:449, 0: Relative import 'tsWxEvent', should be 'Python-2x.tsWxGTUI_Py2x.tsLibGUI.tsWxPkg.src.tsWxEvent' (relative-import)
W:450, 0: Relative import 'tsWxEvent', should be 'Python-2x.tsWxGTUI_Py2x.tsLibGUI.tsWxPkg.src.tsWxEvent' (relative-import)
W:451, 0: Relative import 'tsWxEvent', should be 'Python-2x.tsWxGTUI_Py2x.tsLibGUI.tsWxPkg.src.tsWxEvent' (relative-import)
W:452, 0: Relative import 'tsWxEvent', should be 'Python-2x.tsWxGTUI_Py2x.tsLibGUI.tsWxPkg.src.tsWxEvent' (relative-import)
W:453, 0: Relative import 'tsWxEvent', should be 'Python-2x.tsWxGTUI_Py2x.tsLibGUI.tsWxPkg.src.tsWxEvent' (relative-import)
W:454, 0: Relative import 'tsWxEvent', should be 'Python-2x.tsWxGTUI_Py2x.tsLibGUI.tsWxPkg.src.tsWxEvent' (relative-import)
W:455, 0: Relative import 'tsWxEvent', should be 'Python-2x.tsWxGTUI_Py2x.tsLibGUI.tsWxPkg.src.tsWxEvent' (relative-import)
W:456, 0: Relative import 'tsWxEvent', should be 'Python-2x.tsWxGTUI_Py2x.tsLibGUI.tsWxPkg.src.tsWxEvent' (relative-import)
W:457, 0: Relative import 'tsWxEvent', should be 'Python-2x.tsWxGTUI_Py2x.tsLibGUI.tsWxPkg.src.tsWxEvent' (relative-import)
W:458, 0: Relative import 'tsWxEvent', should be 'Python-2x.tsWxGTUI_Py2x.tsLibGUI.tsWxPkg.src.tsWxEvent' (relative-import)
W:459, 0: Relative import 'tsWxEvent', should be 'Python-2x.tsWxGTUI_Py2x.tsLibGUI.tsWxPkg.src.tsWxEvent' (relative-import)
W:460, 0: Relative import 'tsWxEvent', should be 'Python-2x.tsWxGTUI_Py2x.tsLibGUI.tsWxPkg.src.tsWxEvent' (relative-import)
W:461, 0: Relative import 'tsWxEvent', should be 'Python-2x.tsWxGTUI_Py2x.tsLibGUI.tsWxPkg.src.tsWxEvent' (relative-import)
W:468, 0: Relative import 'tsWxPoint', should be 'Python-2x.tsWxGTUI_Py2x.tsLibGUI.tsWxPkg.src.tsWxPoint' (relative-import)
W:469, 0: Relative import 'tsWxRect', should be 'Python-2x.tsWxGTUI_Py2x.tsLibGUI.tsWxPkg.src.tsWxRect' (relative-import)
C:473, 0: Invalid class name "tsWxGTUI_DataBase" (invalid-name)
C:488, 0: Invalid constant name "bypassEventProcessingMode" (invalid-name)
C:492, 0: Invalid constant name "firstCallerClassNames" (invalid-name)
C:497, 0: Invalid constant name "MouseTriggeringEventMap" (invalid-name)
C:523, 0: Invalid constant name "MouseEventOptionMap" (invalid-name)
C:590, 8: Invalid attribute name "ts_VT100_MouseState" (invalid-name)
C:587, 8: Invalid attribute name "ts_RealTimeQueue" (invalid-name)
C:581,12: Invalid attribute name "ts_WindowsByAssignedId" (invalid-name)
C:580,12: Invalid attribute name "ts_TheWindows" (invalid-name)
C:600, 8: Invalid attribute name "myChar" (invalid-name)
C:585, 8: Invalid attribute name "ts_LastCursesGetMouseTuple" (invalid-name)
C:594, 8: Invalid attribute name "ts_MouseButtonCodes" (invalid-name)
C:586, 8: Invalid attribute name "ts_MouseLastXYZ" (invalid-name)
C:588, 8: Invalid attribute name "ts_EventsToProcessInsideYield" (invalid-name)
C:589, 8: Invalid attribute name "ts_IsInsideYield" (invalid-name)
C:583, 8: Invalid attribute name "ts_Active" (invalid-name)
C:562, 8: Invalid attribute name "ts_Parent" (invalid-name)
C:584, 8: Invalid attribute name "ts_IdleTimeQueue" (invalid-name)
C:579,12: Invalid attribute name "ts_theTerminal" (invalid-name)
R:531, 0: Too many instance attributes (16/7) (too-many-instance-attributes)
C:613, 4: Invalid method name "Dispatch" (invalid-name)
W:621, 8: Unused variable 'eventType' (unused-variable)
W:655,12: Unused variable 'results' (unused-variable)
W:620, 8: Unused variable 'eventData' (unused-variable)
C:677, 4: Invalid method name "DispatchTimeout" (invalid-name)
W:677,30: Unused argument 'timeout' (unused-argument)
C:691, 4: Invalid method name "Exit" (invalid-name)
W:691,19: Unused argument 'rc' (unused-argument)
C:703, 4: Invalid method name "GetActive" (invalid-name)
C:714, 4: Invalid method name "IsEventAllowedInsideYield" (invalid-name)
W:714,40: Unused argument 'wxEventCategory' (unused-argument)
C:727, 4: Invalid method name "IsMain" (invalid-name)
E:733,21: Module 'Python-2x.tsWxGTUI_Py2x.tsLibGUI.tsWxPkg.src.tsWxGlobals' has no 'App' member (no-member)
E:734,24: Module 'Python-2x.tsWxGTUI_Py2x.tsLibGUI.tsWxPkg.src.tsWxGlobals' has no 'App' member (no-member)
W:737,26: Unused variable 'isMainError' (unused-variable)
C:747, 4: Invalid method name "IsOk" (invalid-name)
C:759, 4: Invalid method name "IsRunning" (invalid-name)
C:770, 4: Invalid method name "IsYielding" (invalid-name)
C:781, 4: Invalid method name "OnExit" (invalid-name)
C:794, 4: Invalid method name "Pending" (invalid-name)
C:805, 4: Invalid method name "ProcessIdle" (invalid-name)
C:831, 4: Invalid method name "SetActive" (invalid-name)
C:842, 4: Invalid method name "WakeUp" (invalid-name)
C:854, 4: Invalid method name "WakeUpIdle" (invalid-name)
C:865, 4: Invalid method name "Yield" (invalid-name)
W:865,20: Unused argument 'onlyIfNeeded' (unused-argument)
C:876, 4: Invalid method name "YieldFor" (invalid-name)
W:876,23: Unused argument 'eventsToProcess' (unused-argument)
C:891, 4: Empty method docstring (empty-docstring)
W:897, 8: Unused variable 'systemEventTable' (unused-variable)
R:912, 4: Too many local variables (16/15) (too-many-locals)
C:942, 9: Invalid variable name "begin_y" (invalid-name)
C:942,18: Invalid variable name "begin_x" (invalid-name)
C:943, 9: Invalid variable name "max_y" (invalid-name)
C:943,16: Invalid variable name "max_x" (invalid-name)
W:951, 8: Unused variable 'stdscrPixelGrid' (unused-variable)
W:1002,20: Unused variable 'i' (unused-variable)
W:970,12: Unused variable 'theEvent' (unused-variable)
R:912, 4: Too many branches (19/12) (too-many-branches)
R:912, 4: Too many statements (57/50) (too-many-statements)
C:1063, 4: Empty method docstring (empty-docstring)
R:1063, 4: Method could be a function (no-self-use)
R:1074, 4: Too many local variables (23/15) (too-many-locals)
E:1317,23: Instance of 'EventLoop' has no 'ts_AssignedId' member (no-member)
W:1358,12: Unused variable 'results' (unused-variable)
W:1302,12: Unused variable 'topWindow' (unused-variable)
W:1147,16: Unused variable 'theKeyName' (unused-variable)
R:1074, 4: Too many branches (16/12) (too-many-branches)
R:1074, 4: Too many statements (115/50) (too-many-statements)
R:1368, 4: Too many arguments (6/5) (too-many-arguments)
R:1427, 4: Too many local variables (17/15) (too-many-locals)
W:1471,23: Catching too general exception Exception (broad-except)
W:1427,58: Unused argument 'y' (unused-argument)
W:1427,55: Unused argument 'x' (unused-argument)
R:1478, 4: Too many local variables (18/15) (too-many-locals)
W:1485, 8: Attempting to unpack a non-sequence defined at line 585 (unpacking-non-sequence)
W:1478,36: Unused argument 'ch' (unused-argument)
W:1518,12: Unused variable 'results' (unused-variable)
W:1592,19: Catching too general exception Exception (broad-except)
W:1592,30: Unused variable 'errorCode' (unused-variable)
R:1619, 4: Too many arguments (6/5) (too-many-arguments)
R:1619, 4: Too many local variables (27/15) (too-many-locals)
W:1681,12: Unused variable 'objectName' (unused-variable)
W:1680,12: Unused variable 'objectAssignedId' (unused-variable)
R:1619, 4: Too many statements (58/50) (too-many-statements)
E:1753,17: Instance of 'EventLoop' has no 'ts_Handle' member (no-member)
W:1745,30: Unused argument 'signal' (unused-argument)
R:1763, 4: Too many local variables (25/15) (too-many-locals)
W:1783, 8: Unused variable 'attribute' (unused-variable)
W:1884,21: Unused variable 'attributeUnderCaret' (unused-variable)
R:1763, 4: Too many statements (77/50) (too-many-statements)
R:1924, 4: Too many local variables (32/15) (too-many-locals)
C:1943,12: Invalid variable name "bottom_panel" (invalid-name)
C:1945,12: Invalid variable name "top_panel" (invalid-name)
W:1988, 8: Unused variable 'attribute' (unused-variable)
W:2210,21: Unused variable 'attributeUnderCaret' (unused-variable)
R:1924, 4: Too many branches (28/12) (too-many-branches)
R:1924, 4: Too many statements (164/50) (too-many-statements)
R:2250, 4: Too many local variables (27/15) (too-many-locals)
E:2269,27: Undefined variable 'candidateWindows' (undefined-variable)
C:2270,16: Invalid variable name "ts_EarliestAncestor" (invalid-name)
E:2298,27: Undefined variable 'candidateWindows' (undefined-variable)
W:2310,23: Catching too general exception Exception (broad-except)
W:2305,16: Unused variable 'ancestorId' (unused-variable)
W:2294,12: Unused variable 'count' (unused-variable)
W:2264, 8: Unused variable 'triggeringObject' (unused-variable)
R:2250, 4: Too many statements (51/50) (too-many-statements)
R:2390, 4: Too many arguments (7/5) (too-many-arguments)
R:2549, 4: Too many arguments (6/5) (too-many-arguments)
W:2554, 8: Unused variable 'theButtonState' (unused-variable)
W:2601,19: Catching too general exception Exception (broad-except)
W:2601,30: Unused variable 'getMouseError' (unused-variable)
R:2634, 4: Too many local variables (25/15) (too-many-locals)
W:2773,19: Catching too general exception Exception (broad-except)
W:2734,27: Catching too general exception Exception (broad-except)
W:2818,27: Catching too general exception Exception (broad-except)
W:2834,27: Catching too general exception Exception (broad-except)
R:2634, 4: Too many branches (21/12) (too-many-branches)
R:2634, 4: Too many statements (103/50) (too-many-statements)
R:2842, 4: Too many local variables (27/15) (too-many-locals)
C:2884,12: Invalid variable name "x_pressed" (invalid-name)
C:2885,12: Invalid variable name "y_pressed" (invalid-name)
C:2886,12: Invalid variable name "z_pressed" (invalid-name)
C:2888,12: Invalid variable name "x_released" (invalid-name)
C:2889,12: Invalid variable name "y_released" (invalid-name)
C:2890,12: Invalid variable name "z_released" (invalid-name)
C:2892,12: Invalid variable name "x_displacement" (invalid-name)
C:2893,12: Invalid variable name "y_displacement" (invalid-name)
C:2894,12: Invalid variable name "z_displacement" (invalid-name)
W:2967,12: Unused variable 'results' (unused-variable)
R:2842, 4: Too many branches (18/12) (too-many-branches)
R:2842, 4: Too many statements (60/50) (too-many-statements)
R:531, 0: Too many public methods (37/20) (too-many-public-methods)
W:456, 0: Unused import EVT_MOUSEWHEEL (unused-import)
W:404, 0: Unused import wrapper (unused-import)
W:408, 0: Unused import platform (unused-import)
W:449, 0: Unused import EVT_COMMAND_RIGHT_DCLICK (unused-import)
W:440, 0: Unused import wxEVT_COMMAND_TEXT_ENTER (unused-import)
W:409, 0: Unused import string (unused-import)
W:403, 0: Unused import textpad (unused-import)
W:439, 0: Unused import wxEVT_CHAR (unused-import)
W:405, 0: Unused import _curses (unused-import)
W:450, 0: Unused import EVT_COMMAND_SET_FOCUS (unused-import)
W:400, 0: Unused import ascii (unused-import)
W:457, 0: Unused import EVT_NULL (unused-import)
W:433, 0: Unused import wxEVENT_PROPAGATE_MAX (unused-import)
W:406, 0: Unused import _cursesErrorMethod (unused-import)
W:444, 0: Unused import EVT_TIMER (unused-import)


Report
======
1021 statements analysed.

Messages by category
--------------------

+-----------+-------+---------+-----------+
|type       |number |previous |difference |
+===========+=======+=========+===========+
|convention |159    |NC       |NC         |
+-----------+-------+---------+-----------+
|refactor   |30     |NC       |NC         |
+-----------+-------+---------+-----------+
|warning    |89     |NC       |NC         |
+-----------+-------+---------+-----------+
|error      |6      |NC       |NC         |
+-----------+-------+---------+-----------+



Messages
--------

+-----------------------------+------------+
|message id                   |occurrences |
+=============================+============+
|superfluous-parens           |75          |
+-----------------------------+------------+
|invalid-name                 |54          |
+-----------------------------+------------+
|relative-import              |31          |
+-----------------------------+------------+
|unused-variable              |25          |
+-----------------------------+------------+
|unused-import                |15          |
+-----------------------------+------------+
|bad-continuation             |14          |
+-----------------------------+------------+
|too-many-locals              |10          |
+-----------------------------+------------+
|unused-argument              |9           |
+-----------------------------+------------+
|too-many-statements          |8           |
+-----------------------------+------------+
|broad-except                 |8           |
+-----------------------------+------------+
|bad-whitespace               |7           |
+-----------------------------+------------+
|trailing-whitespace          |5           |
+-----------------------------+------------+
|too-many-branches            |5           |
+-----------------------------+------------+
|too-many-arguments           |4           |
+-----------------------------+------------+
|no-member                    |4           |
+-----------------------------+------------+
|undefined-variable           |2           |
+-----------------------------+------------+
|import-error                 |2           |
+-----------------------------+------------+
|empty-docstring              |2           |
+-----------------------------+------------+
|unpacking-non-sequence       |1           |
+-----------------------------+------------+
|too-many-public-methods      |1           |
+-----------------------------+------------+
|too-many-lines               |1           |
+-----------------------------+------------+
|too-many-instance-attributes |1           |
+-----------------------------+------------+
|no-self-use                  |1           |
+-----------------------------+------------+
|line-too-long                |1           |
+-----------------------------+------------+



Global evaluation
-----------------
Your code has been rated at 6.98/10

Statistics by type
------------------

+---------+-------+-----------+-----------+------------+---------+
|type     |number |old number |difference |%documented |%badname |
+=========+=======+===========+===========+============+=========+
|module   |1      |NC         |NC         |100.00      |100.00   |
+---------+-------+-----------+-----------+------------+---------+
|class    |1      |NC         |NC         |100.00      |100.00   |
+---------+-------+-----------+-----------+------------+---------+
|method   |38     |NC         |NC         |94.74       |44.74    |
+---------+-------+-----------+-----------+------------+---------+
|function |0      |NC         |NC         |0           |0        |
+---------+-------+-----------+-----------+------------+---------+



External dependencies
---------------------
::

    Python-2x 
      \-tsWxGTUI_Py2x 
        \-tsLibGUI 
          \-tsWxPkg 
            \-src 
              \-tsWxDoubleLinkedList (Python-2x.tsWxGTUI_Py2x.tsLibGUI.tsWxPkg.src.tsWxEventLoop)
              \-tsWxEvent (Python-2x.tsWxGTUI_Py2x.tsLibGUI.tsWxPkg.src.tsWxEventLoop)
              \-tsWxGlobals (Python-2x.tsWxGTUI_Py2x.tsLibGUI.tsWxPkg.src.tsWxEventLoop)
              \-tsWxGraphicalTextUserInterface (Python-2x.tsWxGTUI_Py2x.tsLibGUI.tsWxPkg.src.tsWxEventLoop)
              \-tsWxPoint (Python-2x.tsWxGTUI_Py2x.tsLibGUI.tsWxPkg.src.tsWxEventLoop)
              \-tsWxRect (Python-2x.tsWxGTUI_Py2x.tsLibGUI.tsWxPkg.src.tsWxEventLoop)



Duplication
-----------

+-------------------------+------+---------+-----------+
|                         |now   |previous |difference |
+=========================+======+=========+===========+
|nb duplicated lines      |0     |NC       |NC         |
+-------------------------+------+---------+-----------+
|percent duplicated lines |0.000 |NC       |NC         |
+-------------------------+------+---------+-----------+



Raw metrics
-----------

+----------+-------+------+---------+-----------+
|type      |number |%     |previous |difference |
+==========+=======+======+=========+===========+
|code      |1300   |50.12 |NC       |NC         |
+----------+-------+------+---------+-----------+
|docstring |471    |18.16 |NC       |NC         |
+----------+-------+------+---------+-----------+
|comment   |617    |23.79 |NC       |NC         |
+----------+-------+------+---------+-----------+
|empty     |206    |7.94  |NC       |NC         |
+----------+-------+------+---------+-----------+



